<?xml version="1.0" encoding="UTF-8"?>
<!-- Generated by org.testng.reporters.JUnitReportReporter -->
<testsuite skipped="0" hostname="XIPLRAC037" name="test.day3" tests="5" failures="0" timestamp="23 Jan 2019 14:04:06 GMT" time="0.009" errors="0">
  <testcase name="APILoginCarloan" time="0.001" classname="test.day3"/>
  <testcase name="WebLoginCarloan" time="0.002" classname="test.day3"/>
  <testcase name="WebLoginCarloan" time="0.001" classname="test.day3"/>
  <testcase name="WebLoginCarloan" time="0.003" classname="test.day3"/>
  <testcase name="MobileLoginCarloan" time="0.002" classname="test.day3"/>
</testsuite> <!-- test.day3 -->
