<?xml version="1.0" encoding="UTF-8"?>
<!-- Generated by org.testng.reporters.JUnitReportReporter -->
<testsuite skipped="0" hostname="XIPLRAC037" name="test.day1" tests="3" failures="0" timestamp="23 Jan 2019 14:04:06 GMT" time="0.015" errors="0">
  <testcase name="SecondDemo" time="0.003" classname="test.day1"/>
  <testcase name="Login" time="0.002" classname="test.day1"/>
  <testcase name="Demo" time="0.010" classname="test.day1"/>
</testsuite> <!-- test.day1 -->
