<?xml version="1.0" encoding="UTF-8"?>
<!-- Generated by org.testng.reporters.JUnitReportReporter -->
<testsuite skipped="0" hostname="XIPLRAC037" name="test.day4" tests="3" failures="0" timestamp="23 Jan 2019 14:04:06 GMT" time="0.005" errors="0">
  <testcase name="WebLoginHomeloan" time="0.002" classname="test.day4"/>
  <testcase name="MobileLoginHomeloan" time="0.001" classname="test.day4"/>
  <testcase name="APILoginHomeloan" time="0.002" classname="test.day4"/>
</testsuite> <!-- test.day4 -->
