<?xml version="1.0" encoding="UTF-8"?>
<!-- Generated by org.testng.reporters.JUnitReportReporter -->
<testsuite skipped="0" hostname="XIPLRAC037" name="test.day2" tests="1" failures="0" timestamp="23 Jan 2019 14:04:06 GMT" time="0.002" errors="0">
  <testcase name="ThirdDemo" time="0.002" classname="test.day2"/>
</testsuite> <!-- test.day2 -->
